
**** Build of configuration Debug for project OutOfBox_MSP430FR4133 ****

"C:\\ti\\ccs1250\\ccs\\utils\\bin\\gmake" -k -j 8 all -O 
 
Building file: "../StopWatchMode.c"
Invoking: MSP430 Compiler
"C:/ti/ccs1250/ccs/tools/compiler/ti-cgt-msp430_21.6.1.LTS/bin/cl430" -vmspx --use_hw_mpy=none --include_path="C:/ti/ccs1250/ccs/ccs_base/msp430/include" --include_path="D:/Master1/Memory/Assignment_1/ÁØÑ‰?ãÁ?ãÂ?èÁ¢º/MSP-EXP430FR4133_Software_Examples_windows/Firmware/Source/OutOfBox_MSP430FR4133/OutOfBox_MSP430FR4133" --include_path="D:/Master1/Memory/Assignment_1/ÁØÑ‰?ãÁ?ãÂ?èÁ¢º/MSP-EXP430FR4133_Software_Examples_windows/Firmware/Source/OutOfBox_MSP430FR4133/OutOfBox_MSP430FR4133/driverlib/MSP430FR2xx_4xx" --include_path="C:/ti/ccs1250/ccs/tools/compiler/ti-cgt-msp430_21.6.1.LTS/include" --advice:power="all" --advice:hw_config=all --define=__MSP430FR4133__ -g --printf_support=minimal --diag_warning=225 --diag_wrap=off --display_error_number --silicon_errata=CPU21 --silicon_errata=CPU22 --silicon_errata=CPU40 --preproc_with_compile --preproc_dependency="StopWatchMode.d_raw"  "../StopWatchMode.c"
 
>> Compilation failure
subdir_rules.mk:9: recipe for target 'StopWatchMode.obj' failed
"..\main.h", line 47: fatal error #1965: cannot open source file "driverlib.h"
1 catastrophic error detected in the compilation of "../StopWatchMode.c".
Compilation terminated.
gmake: *** [StopWatchMode.obj] Error 1
Building file: "../TempSensorMode.c"
Invoking: MSP430 Compiler
"C:/ti/ccs1250/ccs/tools/compiler/ti-cgt-msp430_21.6.1.LTS/bin/cl430" -vmspx --use_hw_mpy=none --include_path="C:/ti/ccs1250/ccs/ccs_base/msp430/include" --include_path="D:/Master1/Memory/Assignment_1/ÁØÑ‰?ãÁ?ãÂ?èÁ¢º/MSP-EXP430FR4133_Software_Examples_windows/Firmware/Source/OutOfBox_MSP430FR4133/OutOfBox_MSP430FR4133" --include_path="D:/Master1/Memory/Assignment_1/ÁØÑ‰?ãÁ?ãÂ?èÁ¢º/MSP-EXP430FR4133_Software_Examples_windows/Firmware/Source/OutOfBox_MSP430FR4133/OutOfBox_MSP430FR4133/driverlib/MSP430FR2xx_4xx" --include_path="C:/ti/ccs1250/ccs/tools/compiler/ti-cgt-msp430_21.6.1.LTS/include" --advice:power="all" --advice:hw_config=all --define=__MSP430FR4133__ -g --printf_support=minimal --diag_warning=225 --diag_wrap=off --display_error_number --silicon_errata=CPU21 --silicon_errata=CPU22 --silicon_errata=CPU40 --preproc_with_compile --preproc_dependency="TempSensorMode.d_raw"  "../TempSensorMode.c"
 
>> Compilation failure
subdir_rules.mk:9: recipe for target 'TempSensorMode.obj' failed
"..\main.h", line 47: fatal error #1965: cannot open source file "driverlib.h"
1 catastrophic error detected in the compilation of "../TempSensorMode.c".
Compilation terminated.
gmake: *** [TempSensorMode.obj] Error 1
Building file: "../hal_LCD.c"
Invoking: MSP430 Compiler
"C:/ti/ccs1250/ccs/tools/compiler/ti-cgt-msp430_21.6.1.LTS/bin/cl430" -vmspx --use_hw_mpy=none --include_path="C:/ti/ccs1250/ccs/ccs_base/msp430/include" --include_path="D:/Master1/Memory/Assignment_1/ÁØÑ‰?ãÁ?ãÂ?èÁ¢º/MSP-EXP430FR4133_Software_Examples_windows/Firmware/Source/OutOfBox_MSP430FR4133/OutOfBox_MSP430FR4133" --include_path="D:/Master1/Memory/Assignment_1/ÁØÑ‰?ãÁ?ãÂ?èÁ¢º/MSP-EXP430FR4133_Software_Examples_windows/Firmware/Source/OutOfBox_MSP430FR4133/OutOfBox_MSP430FR4133/driverlib/MSP430FR2xx_4xx" --include_path="C:/ti/ccs1250/ccs/tools/compiler/ti-cgt-msp430_21.6.1.LTS/include" --advice:power="all" --advice:hw_config=all --define=__MSP430FR4133__ -g --printf_support=minimal --diag_warning=225 --diag_wrap=off --display_error_number --silicon_errata=CPU21 --silicon_errata=CPU22 --silicon_errata=CPU40 --preproc_with_compile --preproc_dependency="hal_LCD.d_raw"  "../hal_LCD.c"
 
>> Compilation failure
subdir_rules.mk:9: recipe for target 'hal_LCD.obj' failed
"..\main.h", line 47: fatal error #1965: cannot open source file "driverlib.h"
1 catastrophic error detected in the compilation of "../hal_LCD.c".
Compilation terminated.
gmake: *** [hal_LCD.obj] Error 1
Building file: "../main.c"
Invoking: MSP430 Compiler
"C:/ti/ccs1250/ccs/tools/compiler/ti-cgt-msp430_21.6.1.LTS/bin/cl430" -vmspx --use_hw_mpy=none --include_path="C:/ti/ccs1250/ccs/ccs_base/msp430/include" --include_path="D:/Master1/Memory/Assignment_1/ÁØÑ‰?ãÁ?ãÂ?èÁ¢º/MSP-EXP430FR4133_Software_Examples_windows/Firmware/Source/OutOfBox_MSP430FR4133/OutOfBox_MSP430FR4133" --include_path="D:/Master1/Memory/Assignment_1/ÁØÑ‰?ãÁ?ãÂ?èÁ¢º/MSP-EXP430FR4133_Software_Examples_windows/Firmware/Source/OutOfBox_MSP430FR4133/OutOfBox_MSP430FR4133/driverlib/MSP430FR2xx_4xx" --include_path="C:/ti/ccs1250/ccs/tools/compiler/ti-cgt-msp430_21.6.1.LTS/include" --advice:power="all" --advice:hw_config=all --define=__MSP430FR4133__ -g --printf_support=minimal --diag_warning=225 --diag_wrap=off --display_error_number --silicon_errata=CPU21 --silicon_errata=CPU22 --silicon_errata=CPU40 --preproc_with_compile --preproc_dependency="main.d_raw"  "../main.c"
 
>> Compilation failure
subdir_rules.mk:9: recipe for target 'main.obj' failed
"..\main.h", line 47: fatal error #1965: cannot open source file "driverlib.h"
1 catastrophic error detected in the compilation of "../main.c".
Compilation terminated.
gmake: *** [main.obj] Error 1
Building file: "../driverlib/MSP430FR2xx_4xx/crc.c"
Invoking: MSP430 Compiler
"C:/ti/ccs1250/ccs/tools/compiler/ti-cgt-msp430_21.6.1.LTS/bin/cl430" -vmspx --use_hw_mpy=none --include_path="C:/ti/ccs1250/ccs/ccs_base/msp430/include" --include_path="D:/Master1/Memory/Assignment_1/ÁØÑ‰?ãÁ?ãÂ?èÁ¢º/MSP-EXP430FR4133_Software_Examples_windows/Firmware/Source/OutOfBox_MSP430FR4133/OutOfBox_MSP430FR4133" --include_path="D:/Master1/Memory/Assignment_1/ÁØÑ‰?ãÁ?ãÂ?èÁ¢º/MSP-EXP430FR4133_Software_Examples_windows/Firmware/Source/OutOfBox_MSP430FR4133/OutOfBox_MSP430FR4133/driverlib/MSP430FR2xx_4xx" --include_path="C:/ti/ccs1250/ccs/tools/compiler/ti-cgt-msp430_21.6.1.LTS/include" --advice:power="all" --advice:hw_config=all --define=__MSP430FR4133__ -g --printf_support=minimal --diag_warning=225 --diag_wrap=off --display_error_number --silicon_errata=CPU21 --silicon_errata=CPU22 --silicon_errata=CPU40 --preproc_with_compile --preproc_dependency="driverlib/MSP430FR2xx_4xx/crc.d_raw" --obj_directory="driverlib/MSP430FR2xx_4xx"  "../driverlib/MSP430FR2xx_4xx/crc.c"
Finished building: "../driverlib/MSP430FR2xx_4xx/crc.c"
 
Building file: "../driverlib/MSP430FR2xx_4xx/adc.c"
Invoking: MSP430 Compiler
"C:/ti/ccs1250/ccs/tools/compiler/ti-cgt-msp430_21.6.1.LTS/bin/cl430" -vmspx --use_hw_mpy=none --include_path="C:/ti/ccs1250/ccs/ccs_base/msp430/include" --include_path="D:/Master1/Memory/Assignment_1/ÁØÑ‰?ãÁ?ãÂ?èÁ¢º/MSP-EXP430FR4133_Software_Examples_windows/Firmware/Source/OutOfBox_MSP430FR4133/OutOfBox_MSP430FR4133" --include_path="D:/Master1/Memory/Assignment_1/ÁØÑ‰?ãÁ?ãÂ?èÁ¢º/MSP-EXP430FR4133_Software_Examples_windows/Firmware/Source/OutOfBox_MSP430FR4133/OutOfBox_MSP430FR4133/driverlib/MSP430FR2xx_4xx" --include_path="C:/ti/ccs1250/ccs/tools/compiler/ti-cgt-msp430_21.6.1.LTS/include" --advice:power="all" --advice:hw_config=all --define=__MSP430FR4133__ -g --printf_support=minimal --diag_warning=225 --diag_wrap=off --display_error_number --silicon_errata=CPU21 --silicon_errata=CPU22 --silicon_errata=CPU40 --preproc_with_compile --preproc_dependency="driverlib/MSP430FR2xx_4xx/adc.d_raw" --obj_directory="driverlib/MSP430FR2xx_4xx"  "../driverlib/MSP430FR2xx_4xx/adc.c"
"../driverlib/MSP430FR2xx_4xx/adc.c", line 178: remark #1528-D: (ULP 3.1) Detected flag polling using ADCBUSY. Recommend using an interrupt combined with enter LPMx and ISR
Finished building: "../driverlib/MSP430FR2xx_4xx/adc.c"
 
Building file: "../driverlib/MSP430FR2xx_4xx/ecomp.c"
Invoking: MSP430 Compiler
"C:/ti/ccs1250/ccs/tools/compiler/ti-cgt-msp430_21.6.1.LTS/bin/cl430" -vmspx --use_hw_mpy=none --include_path="C:/ti/ccs1250/ccs/ccs_base/msp430/include" --include_path="D:/Master1/Memory/Assignment_1/ÁØÑ‰?ãÁ?ãÂ?èÁ¢º/MSP-EXP430FR4133_Software_Examples_windows/Firmware/Source/OutOfBox_MSP430FR4133/OutOfBox_MSP430FR4133" --include_path="D:/Master1/Memory/Assignment_1/ÁØÑ‰?ãÁ?ãÂ?èÁ¢º/MSP-EXP430FR4133_Software_Examples_windows/Firmware/Source/OutOfBox_MSP430FR4133/OutOfBox_MSP430FR4133/driverlib/MSP430FR2xx_4xx" --include_path="C:/ti/ccs1250/ccs/tools/compiler/ti-cgt-msp430_21.6.1.LTS/include" --advice:power="all" --advice:hw_config=all --define=__MSP430FR4133__ -g --printf_support=minimal --diag_warning=225 --diag_wrap=off --display_error_number --silicon_errata=CPU21 --silicon_errata=CPU22 --silicon_errata=CPU40 --preproc_with_compile --preproc_dependency="driverlib/MSP430FR2xx_4xx/ecomp.d_raw" --obj_directory="driverlib/MSP430FR2xx_4xx"  "../driverlib/MSP430FR2xx_4xx/ecomp.c"
Finished building: "../driverlib/MSP430FR2xx_4xx/ecomp.c"
 
Building file: "../driverlib/MSP430FR2xx_4xx/eusci_a_uart.c"
Invoking: MSP430 Compiler
"C:/ti/ccs1250/ccs/tools/compiler/ti-cgt-msp430_21.6.1.LTS/bin/cl430" -vmspx --use_hw_mpy=none --include_path="C:/ti/ccs1250/ccs/ccs_base/msp430/include" --include_path="D:/Master1/Memory/Assignment_1/ÁØÑ‰?ãÁ?ãÂ?èÁ¢º/MSP-EXP430FR4133_Software_Examples_windows/Firmware/Source/OutOfBox_MSP430FR4133/OutOfBox_MSP430FR4133" --include_path="D:/Master1/Memory/Assignment_1/ÁØÑ‰?ãÁ?ãÂ?èÁ¢º/MSP-EXP430FR4133_Software_Examples_windows/Firmware/Source/OutOfBox_MSP430FR4133/OutOfBox_MSP430FR4133/driverlib/MSP430FR2xx_4xx" --include_path="C:/ti/ccs1250/ccs/tools/compiler/ti-cgt-msp430_21.6.1.LTS/include" --advice:power="all" --advice:hw_config=all --define=__MSP430FR4133__ -g --printf_support=minimal --diag_warning=225 --diag_wrap=off --display_error_number --silicon_errata=CPU21 --silicon_errata=CPU22 --silicon_errata=CPU40 --preproc_with_compile --preproc_dependency="driverlib/MSP430FR2xx_4xx/eusci_a_uart.d_raw" --obj_directory="driverlib/MSP430FR2xx_4xx"  "../driverlib/MSP430FR2xx_4xx/eusci_a_uart.c"
"../driverlib/MSP430FR2xx_4xx/eusci_a_uart.c", line 55: remark #1535-D: (ULP 8.1) variable "retVal" is used as a constant. Recommend declaring variable as either 'static const' or 'const'
"../driverlib/MSP430FR2xx_4xx/eusci_a_uart.c", line 121: remark #1528-D: (ULP 3.1) Detected flag polling using UCTXIFG. Recommend using an interrupt combined with enter LPMx and ISR
"../driverlib/MSP430FR2xx_4xx/eusci_a_uart.c", line 136: remark #1528-D: (ULP 3.1) Detected flag polling using UCRXIFG. Recommend using an interrupt combined with enter LPMx and ISR
"../driverlib/MSP430FR2xx_4xx/eusci_a_uart.c", line 251: remark #1528-D: (ULP 3.1) Detected flag polling using UCTXIFG. Recommend using an interrupt combined with enter LPMx and ISR
Finished building: "../driverlib/MSP430FR2xx_4xx/eusci_a_uart.c"
 
Building file: "../driverlib/MSP430FR2xx_4xx/cs.c"
Invoking: MSP430 Compiler
"C:/ti/ccs1250/ccs/tools/compiler/ti-cgt-msp430_21.6.1.LTS/bin/cl430" -vmspx --use_hw_mpy=none --include_path="C:/ti/ccs1250/ccs/ccs_base/msp430/include" --include_path="D:/Master1/Memory/Assignment_1/ÁØÑ‰?ãÁ?ãÂ?èÁ¢º/MSP-EXP430FR4133_Software_Examples_windows/Firmware/Source/OutOfBox_MSP430FR4133/OutOfBox_MSP430FR4133" --include_path="D:/Master1/Memory/Assignment_1/ÁØÑ‰?ãÁ?ãÂ?èÁ¢º/MSP-EXP430FR4133_Software_Examples_windows/Firmware/Source/OutOfBox_MSP430FR4133/OutOfBox_MSP430FR4133/driverlib/MSP430FR2xx_4xx" --include_path="C:/ti/ccs1250/ccs/tools/compiler/ti-cgt-msp430_21.6.1.LTS/include" --advice:power="all" --advice:hw_config=all --define=__MSP430FR4133__ -g --printf_support=minimal --diag_warning=225 --diag_wrap=off --display_error_number --silicon_errata=CPU21 --silicon_errata=CPU22 --silicon_errata=CPU40 --preproc_with_compile --preproc_dependency="driverlib/MSP430FR2xx_4xx/cs.d_raw" --obj_directory="driverlib/MSP430FR2xx_4xx"  "../driverlib/MSP430FR2xx_4xx/cs.c"
"../driverlib/MSP430FR2xx_4xx/cs.c", line 163: remark #1530-D: (ULP 5.1) Detected divide operation(s). Recommend moving them to RAM during run time or not using as these are processing/power intensive
"../driverlib/MSP430FR2xx_4xx/cs.c", line 163: remark #1533-D: (ULP 6.1) Detected use of multiplication on a device that has no hardware multiplier
"../driverlib/MSP430FR2xx_4xx/cs.c", line 178: remark #1530-D: (ULP 5.1) Detected divide operation(s). Recommend moving them to RAM during run time or not using as these are processing/power intensive
"../driverlib/MSP430FR2xx_4xx/cs.c", line 207: remark #1530-D: (ULP 5.1) Detected divide operation(s). Recommend moving them to RAM during run time or not using as these are processing/power intensive
"../driverlib/MSP430FR2xx_4xx/cs.c", line 211: remark #1530-D: (ULP 5.1) Detected divide operation(s). Recommend moving them to RAM during run time or not using as these are processing/power intensive
"../driverlib/MSP430FR2xx_4xx/cs.c", line 216: remark #1530-D: (ULP 5.1) Detected divide operation(s). Recommend moving them to RAM during run time or not using as these are processing/power intensive
"../driverlib/MSP430FR2xx_4xx/cs.c", line 250: remark #1527-D: (ULP 2.1) Detected SW delay loop using __delay_cycles. Recommend using a timer module instead
"../driverlib/MSP430FR2xx_4xx/cs.c", line 253: remark #1527-D: (ULP 2.1) Detected SW delay loop using __delay_cycles. Recommend using a timer module instead
"../driverlib/MSP430FR2xx_4xx/cs.c", line 256: remark #1527-D: (ULP 2.1) Detected SW delay loop using __delay_cycles. Recommend using a timer module instead
"../driverlib/MSP430FR2xx_4xx/cs.c", line 259: remark #1527-D: (ULP 2.1) Detected SW delay loop using __delay_cycles. Recommend using a timer module instead
"../driverlib/MSP430FR2xx_4xx/cs.c", line 262: remark #1527-D: (ULP 2.1) Detected SW delay loop using __delay_cycles. Recommend using a timer module instead
"../driverlib/MSP430FR2xx_4xx/cs.c", line 265: remark #1527-D: (ULP 2.1) Detected SW delay loop using __delay_cycles. Recommend using a timer module instead
"../driverlib/MSP430FR2xx_4xx/cs.c", line 268: remark #1527-D: (ULP 2.1) Detected SW delay loop using __delay_cycles. Recommend using a timer module instead
"../driverlib/MSP430FR2xx_4xx/cs.c", line 273: remark #1527-D: (ULP 2.1) Detected SW delay loop using empty loop. Recommend using a timer module instead
"../driverlib/MSP430FR2xx_4xx/cs.c", line 330: remark #1527-D: (ULP 2.1) Detected SW delay loop using empty loop. Recommend using a timer module instead
"../driverlib/MSP430FR2xx_4xx/cs.c", line 651: remark #1535-D: (ULP 8.1) variable "dco_FLLD" is used as a constant. Recommend declaring variable as either 'static const' or 'const'
"../driverlib/MSP430FR2xx_4xx/cs.c", line 732: remark #1535-D: (ULP 8.1) variable "dco_FLLD" is used as a constant. Recommend declaring variable as either 'static const' or 'const'
"../driverlib/MSP430FR2xx_4xx/cs.c", line 830: remark #1535-D: (ULP 8.1) variable "dco_FLLD" is used as a constant. Recommend declaring variable as either 'static const' or 'const'
"../driverlib/MSP430FR2xx_4xx/cs.c", line 960: remark #1535-D: (ULP 8.1) variable "ACLKSourceDivider" is used as a constant. Recommend declaring variable as either 'static const' or 'const'
Finished building: "../driverlib/MSP430FR2xx_4xx/cs.c"
 
Building file: "../driverlib/MSP430FR2xx_4xx/eusci_a_spi.c"
Invoking: MSP430 Compiler
"C:/ti/ccs1250/ccs/tools/compiler/ti-cgt-msp430_21.6.1.LTS/bin/cl430" -vmspx --use_hw_mpy=none --include_path="C:/ti/ccs1250/ccs/ccs_base/msp430/include" --include_path="D:/Master1/Memory/Assignment_1/ÁØÑ‰?ãÁ?ãÂ?èÁ¢º/MSP-EXP430FR4133_Software_Examples_windows/Firmware/Source/OutOfBox_MSP430FR4133/OutOfBox_MSP430FR4133" --include_path="D:/Master1/Memory/Assignment_1/ÁØÑ‰?ãÁ?ãÂ?èÁ¢º/MSP-EXP430FR4133_Software_Examples_windows/Firmware/Source/OutOfBox_MSP430FR4133/OutOfBox_MSP430FR4133/driverlib/MSP430FR2xx_4xx" --include_path="C:/ti/ccs1250/ccs/tools/compiler/ti-cgt-msp430_21.6.1.LTS/include" --advice:power="all" --advice:hw_config=all --define=__MSP430FR4133__ -g --printf_support=minimal --diag_warning=225 --diag_wrap=off --display_error_number --silicon_errata=CPU21 --silicon_errata=CPU22 --silicon_errata=CPU40 --preproc_with_compile --preproc_dependency="driverlib/MSP430FR2xx_4xx/eusci_a_spi.d_raw" --obj_directory="driverlib/MSP430FR2xx_4xx"  "../driverlib/MSP430FR2xx_4xx/eusci_a_spi.c"
"../driverlib/MSP430FR2xx_4xx/eusci_a_spi.c", line 69: remark #1530-D: (ULP 5.1) Detected divide operation(s). Recommend moving them to RAM during run time or not using as these are processing/power intensive
"../driverlib/MSP430FR2xx_4xx/eusci_a_spi.c", line 104: remark #1530-D: (ULP 5.1) Detected divide operation(s). Recommend moving them to RAM during run time or not using as these are processing/power intensive
Finished building: "../driverlib/MSP430FR2xx_4xx/eusci_a_spi.c"
 
Building file: "../driverlib/MSP430FR2xx_4xx/framctl.c"
Invoking: MSP430 Compiler
"C:/ti/ccs1250/ccs/tools/compiler/ti-cgt-msp430_21.6.1.LTS/bin/cl430" -vmspx --use_hw_mpy=none --include_path="C:/ti/ccs1250/ccs/ccs_base/msp430/include" --include_path="D:/Master1/Memory/Assignment_1/ÁØÑ‰?ãÁ?ãÂ?èÁ¢º/MSP-EXP430FR4133_Software_Examples_windows/Firmware/Source/OutOfBox_MSP430FR4133/OutOfBox_MSP430FR4133" --include_path="D:/Master1/Memory/Assignment_1/ÁØÑ‰?ãÁ?ãÂ?èÁ¢º/MSP-EXP430FR4133_Software_Examples_windows/Firmware/Source/OutOfBox_MSP430FR4133/OutOfBox_MSP430FR4133/driverlib/MSP430FR2xx_4xx" --include_path="C:/ti/ccs1250/ccs/tools/compiler/ti-cgt-msp430_21.6.1.LTS/include" --advice:power="all" --advice:hw_config=all --define=__MSP430FR4133__ -g --printf_support=minimal --diag_warning=225 --diag_wrap=off --display_error_number --silicon_errata=CPU21 --silicon_errata=CPU22 --silicon_errata=CPU40 --preproc_with_compile --preproc_dependency="driverlib/MSP430FR2xx_4xx/framctl.d_raw" --obj_directory="driverlib/MSP430FR2xx_4xx"  "../driverlib/MSP430FR2xx_4xx/framctl.c"
"../driverlib/MSP430FR2xx_4xx/framctl.c", line 59: remark #1535-D: (ULP 8.1) variable "wp" is used as a constant. Recommend declaring variable as either 'static const' or 'const'
"../driverlib/MSP430FR2xx_4xx/framctl.c", line 92: remark #1535-D: (ULP 8.1) variable "wp" is used as a constant. Recommend declaring variable as either 'static const' or 'const'
"../driverlib/MSP430FR2xx_4xx/framctl.c", line 125: remark #1535-D: (ULP 8.1) variable "wp" is used as a constant. Recommend declaring variable as either 'static const' or 'const'
"../driverlib/MSP430FR2xx_4xx/framctl.c", line 158: remark #1535-D: (ULP 8.1) variable "wp" is used as a constant. Recommend declaring variable as either 'static const' or 'const'
Finished building: "../driverlib/MSP430FR2xx_4xx/framctl.c"
 
Building file: "../driverlib/MSP430FR2xx_4xx/eusci_b_spi.c"
Invoking: MSP430 Compiler
"C:/ti/ccs1250/ccs/tools/compiler/ti-cgt-msp430_21.6.1.LTS/bin/cl430" -vmspx --use_hw_mpy=none --include_path="C:/ti/ccs1250/ccs/ccs_base/msp430/include" --include_path="D:/Master1/Memory/Assignment_1/ÁØÑ‰?ãÁ?ãÂ?èÁ¢º/MSP-EXP430FR4133_Software_Examples_windows/Firmware/Source/OutOfBox_MSP430FR4133/OutOfBox_MSP430FR4133" --include_path="D:/Master1/Memory/Assignment_1/ÁØÑ‰?ãÁ?ãÂ?èÁ¢º/MSP-EXP430FR4133_Software_Examples_windows/Firmware/Source/OutOfBox_MSP430FR4133/OutOfBox_MSP430FR4133/driverlib/MSP430FR2xx_4xx" --include_path="C:/ti/ccs1250/ccs/tools/compiler/ti-cgt-msp430_21.6.1.LTS/include" --advice:power="all" --advice:hw_config=all --define=__MSP430FR4133__ -g --printf_support=minimal --diag_warning=225 --diag_wrap=off --display_error_number --silicon_errata=CPU21 --silicon_errata=CPU22 --silicon_errata=CPU40 --preproc_with_compile --preproc_dependency="driverlib/MSP430FR2xx_4xx/eusci_b_spi.d_raw" --obj_directory="driverlib/MSP430FR2xx_4xx"  "../driverlib/MSP430FR2xx_4xx/eusci_b_spi.c"
"../driverlib/MSP430FR2xx_4xx/eusci_b_spi.c", line 69: remark #1530-D: (ULP 5.1) Detected divide operation(s). Recommend moving them to RAM during run time or not using as these are processing/power intensive
"../driverlib/MSP430FR2xx_4xx/eusci_b_spi.c", line 102: remark #1530-D: (ULP 5.1) Detected divide operation(s). Recommend moving them to RAM during run time or not using as these are processing/power intensive
Finished building: "../driverlib/MSP430FR2xx_4xx/eusci_b_spi.c"
 
Building file: "../driverlib/MSP430FR2xx_4xx/eusci_b_i2c.c"
Invoking: MSP430 Compiler
"C:/ti/ccs1250/ccs/tools/compiler/ti-cgt-msp430_21.6.1.LTS/bin/cl430" -vmspx --use_hw_mpy=none --include_path="C:/ti/ccs1250/ccs/ccs_base/msp430/include" --include_path="D:/Master1/Memory/Assignment_1/ÁØÑ‰?ãÁ?ãÂ?èÁ¢º/MSP-EXP430FR4133_Software_Examples_windows/Firmware/Source/OutOfBox_MSP430FR4133/OutOfBox_MSP430FR4133" --include_path="D:/Master1/Memory/Assignment_1/ÁØÑ‰?ãÁ?ãÂ?èÁ¢º/MSP-EXP430FR4133_Software_Examples_windows/Firmware/Source/OutOfBox_MSP430FR4133/OutOfBox_MSP430FR4133/driverlib/MSP430FR2xx_4xx" --include_path="C:/ti/ccs1250/ccs/tools/compiler/ti-cgt-msp430_21.6.1.LTS/include" --advice:power="all" --advice:hw_config=all --define=__MSP430FR4133__ -g --printf_support=minimal --diag_warning=225 --diag_wrap=off --display_error_number --silicon_errata=CPU21 --silicon_errata=CPU22 --silicon_errata=CPU40 --preproc_with_compile --preproc_dependency="driverlib/MSP430FR2xx_4xx/eusci_b_i2c.d_raw" --obj_directory="driverlib/MSP430FR2xx_4xx"  "../driverlib/MSP430FR2xx_4xx/eusci_b_i2c.c"
"../driverlib/MSP430FR2xx_4xx/eusci_b_i2c.c", line 84: remark #1530-D: (ULP 5.1) Detected divide operation(s). Recommend moving them to RAM during run time or not using as these are processing/power intensive
"../driverlib/MSP430FR2xx_4xx/eusci_b_i2c.c", line 207: remark #1528-D: (ULP 3.1) Detected flag polling using UCTXIFG. Recommend using an interrupt combined with enter LPMx and ISR
"../driverlib/MSP430FR2xx_4xx/eusci_b_i2c.c", line 216: remark #1528-D: (ULP 3.1) Detected flag polling using UCTXIFG. Recommend using an interrupt combined with enter LPMx and ISR
"../driverlib/MSP430FR2xx_4xx/eusci_b_i2c.c", line 240: remark #1528-D: (ULP 3.1) Detected flag polling using UCRXIFG. Recommend using an interrupt combined with enter LPMx and ISR
"../driverlib/MSP430FR2xx_4xx/eusci_b_i2c.c", line 266: remark #1528-D: (ULP 3.1) Detected flag polling using UCTXIFG. Recommend using an interrupt combined with enter LPMx and ISR
"../driverlib/MSP430FR2xx_4xx/eusci_b_i2c.c", line 281: remark #1528-D: (ULP 3.1) Detected flag polling using UCTXIFG. Recommend using an interrupt combined with enter LPMx and ISR
"../driverlib/MSP430FR2xx_4xx/eusci_b_i2c.c", line 317: remark #1528-D: (ULP 3.1) Detected flag polling using UCTXIFG. Recommend using an interrupt combined with enter LPMx and ISR
"../driverlib/MSP430FR2xx_4xx/eusci_b_i2c.c", line 343: remark #1528-D: (ULP 3.1) Detected flag polling using UCTXIFG. Recommend using an interrupt combined with enter LPMx and ISR
"../driverlib/MSP430FR2xx_4xx/eusci_b_i2c.c", line 370: remark #1528-D: (ULP 3.1) Detected flag polling using UCTXIFG. Recommend using an interrupt combined with enter LPMx and ISR
"../driverlib/MSP430FR2xx_4xx/eusci_b_i2c.c", line 388: remark #1528-D: (ULP 3.1) Detected flag polling using UCTXIFG. Recommend using an interrupt combined with enter LPMx and ISR
"../driverlib/MSP430FR2xx_4xx/eusci_b_i2c.c", line 413: remark #1528-D: (ULP 3.1) Detected flag polling using UCTXIFG. Recommend using an interrupt combined with enter LPMx and ISR
"../driverlib/MSP430FR2xx_4xx/eusci_b_i2c.c", line 423: remark #1528-D: (ULP 3.1) Detected flag polling using UCTXIFG. Recommend using an interrupt combined with enter LPMx and ISR
"../driverlib/MSP430FR2xx_4xx/eusci_b_i2c.c", line 442: remark #1528-D: (ULP 3.1) Detected flag polling using UCTXIFG. Recommend using an interrupt combined with enter LPMx and ISR
"../driverlib/MSP430FR2xx_4xx/eusci_b_i2c.c", line 458: remark #1528-D: (ULP 3.1) Detected flag polling using UCTXIFG. Recommend using an interrupt combined with enter LPMx and ISR
"../driverlib/MSP430FR2xx_4xx/eusci_b_i2c.c", line 486: remark #1528-D: (ULP 3.1) Detected flag polling using UCTXIFG. Recommend using an interrupt combined with enter LPMx and ISR
"../driverlib/MSP430FR2xx_4xx/eusci_b_i2c.c", line 503: remark #1528-D: (ULP 3.1) Detected flag polling using UCTXIFG. Recommend using an interrupt combined with enter LPMx and ISR
"../driverlib/MSP430FR2xx_4xx/eusci_b_i2c.c", line 543: remark #1528-D: (ULP 3.1) Detected flag polling using UCRXIFG. Recommend using an interrupt combined with enter LPMx and ISR
"../driverlib/MSP430FR2xx_4xx/eusci_b_i2c.c", line 540: remark #1527-D: (ULP 2.1) Detected SW delay loop using empty loop. Recommend using a timer module instead
"../driverlib/MSP430FR2xx_4xx/eusci_b_i2c.c", line 576: remark #1528-D: (ULP 3.1) Detected flag polling using UCRXIFG. Recommend using an interrupt combined with enter LPMx and ISR
"../driverlib/MSP430FR2xx_4xx/eusci_b_i2c.c", line 564: remark #1527-D: (ULP 2.1) Detected SW delay loop using empty loop. Recommend using a timer module instead
"../driverlib/MSP430FR2xx_4xx/eusci_b_i2c.c", line 617: remark #1528-D: (ULP 3.1) Detected flag polling using UCRXIFG0. Recommend using an interrupt combined with enter LPMx and ISR
Finished building: "../driverlib/MSP430FR2xx_4xx/eusci_b_i2c.c"
 
Building file: "../driverlib/MSP430FR2xx_4xx/gpio.c"
Invoking: MSP430 Compiler
"C:/ti/ccs1250/ccs/tools/compiler/ti-cgt-msp430_21.6.1.LTS/bin/cl430" -vmspx --use_hw_mpy=none --include_path="C:/ti/ccs1250/ccs/ccs_base/msp430/include" --include_path="D:/Master1/Memory/Assignment_1/ÁØÑ‰?ãÁ?ãÂ?èÁ¢º/MSP-EXP430FR4133_Software_Examples_windows/Firmware/Source/OutOfBox_MSP430FR4133/OutOfBox_MSP430FR4133" --include_path="D:/Master1/Memory/Assignment_1/ÁØÑ‰?ãÁ?ãÂ?èÁ¢º/MSP-EXP430FR4133_Software_Examples_windows/Firmware/Source/OutOfBox_MSP430FR4133/OutOfBox_MSP430FR4133/driverlib/MSP430FR2xx_4xx" --include_path="C:/ti/ccs1250/ccs/tools/compiler/ti-cgt-msp430_21.6.1.LTS/include" --advice:power="all" --advice:hw_config=all --define=__MSP430FR4133__ -g --printf_support=minimal --diag_warning=225 --diag_wrap=off --display_error_number --silicon_errata=CPU21 --silicon_errata=CPU22 --silicon_errata=CPU40 --preproc_with_compile --preproc_dependency="driverlib/MSP430FR2xx_4xx/gpio.d_raw" --obj_directory="driverlib/MSP430FR2xx_4xx"  "../driverlib/MSP430FR2xx_4xx/gpio.c"
"../driverlib/MSP430FR2xx_4xx/lcd_e.c", line 367: remark #1530-D: (ULP 5.1) Detected divide operation(s). Recommend moving them to RAM during run time or not using as these are processing/power intensive
"../driverlib/MSP430FR2xx_4xx/lcd_e.c", line 368: remark #1530-D: (ULP 5.1) Detected divide operation(s). Recommend moving them to RAM during run time or not using as these are processing/power intensive
"../driverlib/MSP430FR2xx_4xx/lcd_e.c", line 372: remark #1530-D: (ULP 5.1) Detected divide operation(s). Recommend moving them to RAM during run time or not using as these are processing/power intensive
"../driverlib/MSP430FR2xx_4xx/lcd_e.c", line 373: remark #1530-D: (ULP 5.1) Detected divide operation(s). Recommend moving them to RAM during run time or not using as these are processing/power intensive
Finished building: "../driverlib/MSP430FR2xx_4xx/gpio.c"
 
Building file: "../driverlib/MSP430FR2xx_4xx/lcd_e.c"
Invoking: MSP430 Compiler
"C:/ti/ccs1250/ccs/tools/compiler/ti-cgt-msp430_21.6.1.LTS/bin/cl430" -vmspx --use_hw_mpy=none --include_path="C:/ti/ccs1250/ccs/ccs_base/msp430/include" --include_path="D:/Master1/Memory/Assignment_1/ÁØÑ‰?ãÁ?ãÂ?èÁ¢º/MSP-EXP430FR4133_Software_Examples_windows/Firmware/Source/OutOfBox_MSP430FR4133/OutOfBox_MSP430FR4133" --include_path="D:/Master1/Memory/Assignment_1/ÁØÑ‰?ãÁ?ãÂ?èÁ¢º/MSP-EXP430FR4133_Software_Examples_windows/Firmware/Source/OutOfBox_MSP430FR4133/OutOfBox_MSP430FR4133/driverlib/MSP430FR2xx_4xx" --include_path="C:/ti/ccs1250/ccs/tools/compiler/ti-cgt-msp430_21.6.1.LTS/include" --advice:power="all" --advice:hw_config=all --define=__MSP430FR4133__ -g --printf_support=minimal --diag_warning=225 --diag_wrap=off --display_error_number --silicon_errata=CPU21 --silicon_errata=CPU22 --silicon_errata=CPU40 --preproc_with_compile --preproc_dependency="driverlib/MSP430FR2xx_4xx/lcd_e.d_raw" --obj_directory="driverlib/MSP430FR2xx_4xx"  "../driverlib/MSP430FR2xx_4xx/lcd_e.c"
Finished building: "../driverlib/MSP430FR2xx_4xx/lcd_e.c"
 
Building file: "../driverlib/MSP430FR2xx_4xx/mpy32.c"
Invoking: MSP430 Compiler
"C:/ti/ccs1250/ccs/tools/compiler/ti-cgt-msp430_21.6.1.LTS/bin/cl430" -vmspx --use_hw_mpy=none --include_path="C:/ti/ccs1250/ccs/ccs_base/msp430/include" --include_path="D:/Master1/Memory/Assignment_1/ÁØÑ‰?ãÁ?ãÂ?èÁ¢º/MSP-EXP430FR4133_Software_Examples_windows/Firmware/Source/OutOfBox_MSP430FR4133/OutOfBox_MSP430FR4133" --include_path="D:/Master1/Memory/Assignment_1/ÁØÑ‰?ãÁ?ãÂ?èÁ¢º/MSP-EXP430FR4133_Software_Examples_windows/Firmware/Source/OutOfBox_MSP430FR4133/OutOfBox_MSP430FR4133/driverlib/MSP430FR2xx_4xx" --include_path="C:/ti/ccs1250/ccs/tools/compiler/ti-cgt-msp430_21.6.1.LTS/include" --advice:power="all" --advice:hw_config=all --define=__MSP430FR4133__ -g --printf_support=minimal --diag_warning=225 --diag_wrap=off --display_error_number --silicon_errata=CPU21 --silicon_errata=CPU22 --silicon_errata=CPU40 --preproc_with_compile --preproc_dependency="driverlib/MSP430FR2xx_4xx/mpy32.d_raw" --obj_directory="driverlib/MSP430FR2xx_4xx"  "../driverlib/MSP430FR2xx_4xx/mpy32.c"
Finished building: "../driverlib/MSP430FR2xx_4xx/mpy32.c"
 
Building file: "../driverlib/MSP430FR2xx_4xx/pmm.c"
Invoking: MSP430 Compiler
"C:/ti/ccs1250/ccs/tools/compiler/ti-cgt-msp430_21.6.1.LTS/bin/cl430" -vmspx --use_hw_mpy=none --include_path="C:/ti/ccs1250/ccs/ccs_base/msp430/include" --include_path="D:/Master1/Memory/Assignment_1/ÁØÑ‰?ãÁ?ãÂ?èÁ¢º/MSP-EXP430FR4133_Software_Examples_windows/Firmware/Source/OutOfBox_MSP430FR4133/OutOfBox_MSP430FR4133" --include_path="D:/Master1/Memory/Assignment_1/ÁØÑ‰?ãÁ?ãÂ?èÁ¢º/MSP-EXP430FR4133_Software_Examples_windows/Firmware/Source/OutOfBox_MSP430FR4133/OutOfBox_MSP430FR4133/driverlib/MSP430FR2xx_4xx" --include_path="C:/ti/ccs1250/ccs/tools/compiler/ti-cgt-msp430_21.6.1.LTS/include" --advice:power="all" --advice:hw_config=all --define=__MSP430FR4133__ -g --printf_support=minimal --diag_warning=225 --diag_wrap=off --display_error_number --silicon_errata=CPU21 --silicon_errata=CPU22 --silicon_errata=CPU40 --preproc_with_compile --preproc_dependency="driverlib/MSP430FR2xx_4xx/pmm.d_raw" --obj_directory="driverlib/MSP430FR2xx_4xx"  "../driverlib/MSP430FR2xx_4xx/pmm.c"
Finished building: "../driverlib/MSP430FR2xx_4xx/pmm.c"
 
Building file: "../driverlib/MSP430FR2xx_4xx/rtc.c"
Invoking: MSP430 Compiler
"C:/ti/ccs1250/ccs/tools/compiler/ti-cgt-msp430_21.6.1.LTS/bin/cl430" -vmspx --use_hw_mpy=none --include_path="C:/ti/ccs1250/ccs/ccs_base/msp430/include" --include_path="D:/Master1/Memory/Assignment_1/ÁØÑ‰?ãÁ?ãÂ?èÁ¢º/MSP-EXP430FR4133_Software_Examples_windows/Firmware/Source/OutOfBox_MSP430FR4133/OutOfBox_MSP430FR4133" --include_path="D:/Master1/Memory/Assignment_1/ÁØÑ‰?ãÁ?ãÂ?èÁ¢º/MSP-EXP430FR4133_Software_Examples_windows/Firmware/Source/OutOfBox_MSP430FR4133/OutOfBox_MSP430FR4133/driverlib/MSP430FR2xx_4xx" --include_path="C:/ti/ccs1250/ccs/tools/compiler/ti-cgt-msp430_21.6.1.LTS/include" --advice:power="all" --advice:hw_config=all --define=__MSP430FR4133__ -g --printf_support=minimal --diag_warning=225 --diag_wrap=off --display_error_number --silicon_errata=CPU21 --silicon_errata=CPU22 --silicon_errata=CPU40 --preproc_with_compile --preproc_dependency="driverlib/MSP430FR2xx_4xx/rtc.d_raw" --obj_directory="driverlib/MSP430FR2xx_4xx"  "../driverlib/MSP430FR2xx_4xx/rtc.c"
Finished building: "../driverlib/MSP430FR2xx_4xx/rtc.c"
 
Building file: "../driverlib/MSP430FR2xx_4xx/sac.c"
Invoking: MSP430 Compiler
"C:/ti/ccs1250/ccs/tools/compiler/ti-cgt-msp430_21.6.1.LTS/bin/cl430" -vmspx --use_hw_mpy=none --include_path="C:/ti/ccs1250/ccs/ccs_base/msp430/include" --include_path="D:/Master1/Memory/Assignment_1/ÁØÑ‰?ãÁ?ãÂ?èÁ¢º/MSP-EXP430FR4133_Software_Examples_windows/Firmware/Source/OutOfBox_MSP430FR4133/OutOfBox_MSP430FR4133" --include_path="D:/Master1/Memory/Assignment_1/ÁØÑ‰?ãÁ?ãÂ?èÁ¢º/MSP-EXP430FR4133_Software_Examples_windows/Firmware/Source/OutOfBox_MSP430FR4133/OutOfBox_MSP430FR4133/driverlib/MSP430FR2xx_4xx" --include_path="C:/ti/ccs1250/ccs/tools/compiler/ti-cgt-msp430_21.6.1.LTS/include" --advice:power="all" --advice:hw_config=all --define=__MSP430FR4133__ -g --printf_support=minimal --diag_warning=225 --diag_wrap=off --display_error_number --silicon_errata=CPU21 --silicon_errata=CPU22 --silicon_errata=CPU40 --preproc_with_compile --preproc_dependency="driverlib/MSP430FR2xx_4xx/sac.d_raw" --obj_directory="driverlib/MSP430FR2xx_4xx"  "../driverlib/MSP430FR2xx_4xx/sac.c"
Finished building: "../driverlib/MSP430FR2xx_4xx/sac.c"
 
Building file: "../driverlib/MSP430FR2xx_4xx/sfr.c"
Invoking: MSP430 Compiler
"C:/ti/ccs1250/ccs/tools/compiler/ti-cgt-msp430_21.6.1.LTS/bin/cl430" -vmspx --use_hw_mpy=none --include_path="C:/ti/ccs1250/ccs/ccs_base/msp430/include" --include_path="D:/Master1/Memory/Assignment_1/ÁØÑ‰?ãÁ?ãÂ?èÁ¢º/MSP-EXP430FR4133_Software_Examples_windows/Firmware/Source/OutOfBox_MSP430FR4133/OutOfBox_MSP430FR4133" --include_path="D:/Master1/Memory/Assignment_1/ÁØÑ‰?ãÁ?ãÂ?èÁ¢º/MSP-EXP430FR4133_Software_Examples_windows/Firmware/Source/OutOfBox_MSP430FR4133/OutOfBox_MSP430FR4133/driverlib/MSP430FR2xx_4xx" --include_path="C:/ti/ccs1250/ccs/tools/compiler/ti-cgt-msp430_21.6.1.LTS/include" --advice:power="all" --advice:hw_config=all --define=__MSP430FR4133__ -g --printf_support=minimal --diag_warning=225 --diag_wrap=off --display_error_number --silicon_errata=CPU21 --silicon_errata=CPU22 --silicon_errata=CPU40 --preproc_with_compile --preproc_dependency="driverlib/MSP430FR2xx_4xx/sfr.d_raw" --obj_directory="driverlib/MSP430FR2xx_4xx"  "../driverlib/MSP430FR2xx_4xx/sfr.c"
Finished building: "../driverlib/MSP430FR2xx_4xx/sfr.c"
 
Building file: "../driverlib/MSP430FR2xx_4xx/sysctl.c"
Invoking: MSP430 Compiler
"C:/ti/ccs1250/ccs/tools/compiler/ti-cgt-msp430_21.6.1.LTS/bin/cl430" -vmspx --use_hw_mpy=none --include_path="C:/ti/ccs1250/ccs/ccs_base/msp430/include" --include_path="D:/Master1/Memory/Assignment_1/ÁØÑ‰?ãÁ?ãÂ?èÁ¢º/MSP-EXP430FR4133_Software_Examples_windows/Firmware/Source/OutOfBox_MSP430FR4133/OutOfBox_MSP430FR4133" --include_path="D:/Master1/Memory/Assignment_1/ÁØÑ‰?ãÁ?ãÂ?èÁ¢º/MSP-EXP430FR4133_Software_Examples_windows/Firmware/Source/OutOfBox_MSP430FR4133/OutOfBox_MSP430FR4133/driverlib/MSP430FR2xx_4xx" --include_path="C:/ti/ccs1250/ccs/tools/compiler/ti-cgt-msp430_21.6.1.LTS/include" --advice:power="all" --advice:hw_config=all --define=__MSP430FR4133__ -g --printf_support=minimal --diag_warning=225 --diag_wrap=off --display_error_number --silicon_errata=CPU21 --silicon_errata=CPU22 --silicon_errata=CPU40 --preproc_with_compile --preproc_dependency="driverlib/MSP430FR2xx_4xx/sysctl.d_raw" --obj_directory="driverlib/MSP430FR2xx_4xx"  "../driverlib/MSP430FR2xx_4xx/sysctl.c"
Finished building: "../driverlib/MSP430FR2xx_4xx/sysctl.c"
 
Building file: "../driverlib/MSP430FR2xx_4xx/tia.c"
Invoking: MSP430 Compiler
"C:/ti/ccs1250/ccs/tools/compiler/ti-cgt-msp430_21.6.1.LTS/bin/cl430" -vmspx --use_hw_mpy=none --include_path="C:/ti/ccs1250/ccs/ccs_base/msp430/include" --include_path="D:/Master1/Memory/Assignment_1/ÁØÑ‰?ãÁ?ãÂ?èÁ¢º/MSP-EXP430FR4133_Software_Examples_windows/Firmware/Source/OutOfBox_MSP430FR4133/OutOfBox_MSP430FR4133" --include_path="D:/Master1/Memory/Assignment_1/ÁØÑ‰?ãÁ?ãÂ?èÁ¢º/MSP-EXP430FR4133_Software_Examples_windows/Firmware/Source/OutOfBox_MSP430FR4133/OutOfBox_MSP430FR4133/driverlib/MSP430FR2xx_4xx" --include_path="C:/ti/ccs1250/ccs/tools/compiler/ti-cgt-msp430_21.6.1.LTS/include" --advice:power="all" --advice:hw_config=all --define=__MSP430FR4133__ -g --printf_support=minimal --diag_warning=225 --diag_wrap=off --display_error_number --silicon_errata=CPU21 --silicon_errata=CPU22 --silicon_errata=CPU40 --preproc_with_compile --preproc_dependency="driverlib/MSP430FR2xx_4xx/tia.d_raw" --obj_directory="driverlib/MSP430FR2xx_4xx"  "../driverlib/MSP430FR2xx_4xx/tia.c"
Finished building: "../driverlib/MSP430FR2xx_4xx/tia.c"
 
Building file: "../driverlib/MSP430FR2xx_4xx/timer_b.c"
Invoking: MSP430 Compiler
"C:/ti/ccs1250/ccs/tools/compiler/ti-cgt-msp430_21.6.1.LTS/bin/cl430" -vmspx --use_hw_mpy=none --include_path="C:/ti/ccs1250/ccs/ccs_base/msp430/include" --include_path="D:/Master1/Memory/Assignment_1/ÁØÑ‰?ãÁ?ãÂ?èÁ¢º/MSP-EXP430FR4133_Software_Examples_windows/Firmware/Source/OutOfBox_MSP430FR4133/OutOfBox_MSP430FR4133" --include_path="D:/Master1/Memory/Assignment_1/ÁØÑ‰?ãÁ?ãÂ?èÁ¢º/MSP-EXP430FR4133_Software_Examples_windows/Firmware/Source/OutOfBox_MSP430FR4133/OutOfBox_MSP430FR4133/driverlib/MSP430FR2xx_4xx" --include_path="C:/ti/ccs1250/ccs/tools/compiler/ti-cgt-msp430_21.6.1.LTS/include" --advice:power="all" --advice:hw_config=all --define=__MSP430FR4133__ -g --printf_support=minimal --diag_warning=225 --diag_wrap=off --display_error_number --silicon_errata=CPU21 --silicon_errata=CPU22 --silicon_errata=CPU40 --preproc_with_compile --preproc_dependency="driverlib/MSP430FR2xx_4xx/timer_b.d_raw" --obj_directory="driverlib/MSP430FR2xx_4xx"  "../driverlib/MSP430FR2xx_4xx/timer_b.c"
Finished building: "../driverlib/MSP430FR2xx_4xx/timer_b.c"
 
Building file: "../driverlib/MSP430FR2xx_4xx/wdt_a.c"
Invoking: MSP430 Compiler
"C:/ti/ccs1250/ccs/tools/compiler/ti-cgt-msp430_21.6.1.LTS/bin/cl430" -vmspx --use_hw_mpy=none --include_path="C:/ti/ccs1250/ccs/ccs_base/msp430/include" --include_path="D:/Master1/Memory/Assignment_1/ÁØÑ‰?ãÁ?ãÂ?èÁ¢º/MSP-EXP430FR4133_Software_Examples_windows/Firmware/Source/OutOfBox_MSP430FR4133/OutOfBox_MSP430FR4133" --include_path="D:/Master1/Memory/Assignment_1/ÁØÑ‰?ãÁ?ãÂ?èÁ¢º/MSP-EXP430FR4133_Software_Examples_windows/Firmware/Source/OutOfBox_MSP430FR4133/OutOfBox_MSP430FR4133/driverlib/MSP430FR2xx_4xx" --include_path="C:/ti/ccs1250/ccs/tools/compiler/ti-cgt-msp430_21.6.1.LTS/include" --advice:power="all" --advice:hw_config=all --define=__MSP430FR4133__ -g --printf_support=minimal --diag_warning=225 --diag_wrap=off --display_error_number --silicon_errata=CPU21 --silicon_errata=CPU22 --silicon_errata=CPU40 --preproc_with_compile --preproc_dependency="driverlib/MSP430FR2xx_4xx/wdt_a.d_raw" --obj_directory="driverlib/MSP430FR2xx_4xx"  "../driverlib/MSP430FR2xx_4xx/wdt_a.c"
Finished building: "../driverlib/MSP430FR2xx_4xx/wdt_a.c"
 
Building file: "../driverlib/MSP430FR2xx_4xx/timer_a.c"
Invoking: MSP430 Compiler
"C:/ti/ccs1250/ccs/tools/compiler/ti-cgt-msp430_21.6.1.LTS/bin/cl430" -vmspx --use_hw_mpy=none --include_path="C:/ti/ccs1250/ccs/ccs_base/msp430/include" --include_path="D:/Master1/Memory/Assignment_1/ÁØÑ‰?ãÁ?ãÂ?èÁ¢º/MSP-EXP430FR4133_Software_Examples_windows/Firmware/Source/OutOfBox_MSP430FR4133/OutOfBox_MSP430FR4133" --include_path="D:/Master1/Memory/Assignment_1/ÁØÑ‰?ãÁ?ãÂ?èÁ¢º/MSP-EXP430FR4133_Software_Examples_windows/Firmware/Source/OutOfBox_MSP430FR4133/OutOfBox_MSP430FR4133/driverlib/MSP430FR2xx_4xx" --include_path="C:/ti/ccs1250/ccs/tools/compiler/ti-cgt-msp430_21.6.1.LTS/include" --advice:power="all" --advice:hw_config=all --define=__MSP430FR4133__ -g --printf_support=minimal --diag_warning=225 --diag_wrap=off --display_error_number --silicon_errata=CPU21 --silicon_errata=CPU22 --silicon_errata=CPU40 --preproc_with_compile --preproc_dependency="driverlib/MSP430FR2xx_4xx/timer_a.d_raw" --obj_directory="driverlib/MSP430FR2xx_4xx"  "../driverlib/MSP430FR2xx_4xx/timer_a.c"
Finished building: "../driverlib/MSP430FR2xx_4xx/timer_a.c"
 
Building file: "../driverlib/MSP430FR2xx_4xx/tlv.c"
Invoking: MSP430 Compiler
"C:/ti/ccs1250/ccs/tools/compiler/ti-cgt-msp430_21.6.1.LTS/bin/cl430" -vmspx --use_hw_mpy=none --include_path="C:/ti/ccs1250/ccs/ccs_base/msp430/include" --include_path="D:/Master1/Memory/Assignment_1/ÁØÑ‰?ãÁ?ãÂ?èÁ¢º/MSP-EXP430FR4133_Software_Examples_windows/Firmware/Source/OutOfBox_MSP430FR4133/OutOfBox_MSP430FR4133" --include_path="D:/Master1/Memory/Assignment_1/ÁØÑ‰?ãÁ?ãÂ?èÁ¢º/MSP-EXP430FR4133_Software_Examples_windows/Firmware/Source/OutOfBox_MSP430FR4133/OutOfBox_MSP430FR4133/driverlib/MSP430FR2xx_4xx" --include_path="C:/ti/ccs1250/ccs/tools/compiler/ti-cgt-msp430_21.6.1.LTS/include" --advice:power="all" --advice:hw_config=all --define=__MSP430FR4133__ -g --printf_support=minimal --diag_warning=225 --diag_wrap=off --display_error_number --silicon_errata=CPU21 --silicon_errata=CPU22 --silicon_errata=CPU40 --preproc_with_compile --preproc_dependency="driverlib/MSP430FR2xx_4xx/tlv.d_raw" --obj_directory="driverlib/MSP430FR2xx_4xx"  "../driverlib/MSP430FR2xx_4xx/tlv.c"
Finished building: "../driverlib/MSP430FR2xx_4xx/tlv.c"
 
gmake: Target 'all' not remade because of errors.

**** Build Finished ****

**** Build of configuration Debug for project OutOfBox_MSP430FR4133 ****

"C:\\ti\\ccs1250\\ccs\\utils\\bin\\gmake" -k -j 8 all -O 
 
Building file: "../StopWatchMode.c"
Invoking: MSP430 Compiler
"C:/ti/ccs1250/ccs/tools/compiler/ti-cgt-msp430_21.6.1.LTS/bin/cl430" -vmspx --use_hw_mpy=none --include_path="C:/ti/ccs1250/ccs/ccs_base/msp430/include" --include_path="D:/Master1/Memory/Assignment_1/ÁØÑ‰?ãÁ?ãÂ?èÁ¢º/MSP-EXP430FR4133_Software_Examples_windows/Firmware/Source/OutOfBox_MSP430FR4133/OutOfBox_MSP430FR4133" --include_path="D:/Master1/Memory/Assignment_1/ÁØÑ‰?ãÁ?ãÂ?èÁ¢º/MSP-EXP430FR4133_Software_Examples_windows/Firmware/Source/OutOfBox_MSP430FR4133/OutOfBox_MSP430FR4133/driverlib/MSP430FR2xx_4xx" --include_path="C:/ti/ccs1250/ccs/tools/compiler/ti-cgt-msp430_21.6.1.LTS/include" --advice:power="all" --advice:hw_config=all --define=__MSP430FR4133__ -g --printf_support=minimal --diag_warning=225 --diag_wrap=off --display_error_number --silicon_errata=CPU21 --silicon_errata=CPU22 --silicon_errata=CPU40 --preproc_with_compile --preproc_dependency="StopWatchMode.d_raw"  "../StopWatchMode.c"
 
>> Compilation failure
subdir_rules.mk:9: recipe for target 'StopWatchMode.obj' failed
"..\main.h", line 47: fatal error #1965: cannot open source file "driverlib.h"
1 catastrophic error detected in the compilation of "../StopWatchMode.c".
Compilation terminated.
gmake: *** [StopWatchMode.obj] Error 1
Building file: "../TempSensorMode.c"
Invoking: MSP430 Compiler
"C:/ti/ccs1250/ccs/tools/compiler/ti-cgt-msp430_21.6.1.LTS/bin/cl430" -vmspx --use_hw_mpy=none --include_path="C:/ti/ccs1250/ccs/ccs_base/msp430/include" --include_path="D:/Master1/Memory/Assignment_1/ÁØÑ‰?ãÁ?ãÂ?èÁ¢º/MSP-EXP430FR4133_Software_Examples_windows/Firmware/Source/OutOfBox_MSP430FR4133/OutOfBox_MSP430FR4133" --include_path="D:/Master1/Memory/Assignment_1/ÁØÑ‰?ãÁ?ãÂ?èÁ¢º/MSP-EXP430FR4133_Software_Examples_windows/Firmware/Source/OutOfBox_MSP430FR4133/OutOfBox_MSP430FR4133/driverlib/MSP430FR2xx_4xx" --include_path="C:/ti/ccs1250/ccs/tools/compiler/ti-cgt-msp430_21.6.1.LTS/include" --advice:power="all" --advice:hw_config=all --define=__MSP430FR4133__ -g --printf_support=minimal --diag_warning=225 --diag_wrap=off --display_error_number --silicon_errata=CPU21 --silicon_errata=CPU22 --silicon_errata=CPU40 --preproc_with_compile --preproc_dependency="TempSensorMode.d_raw"  "../TempSensorMode.c"
 
>> Compilation failure
subdir_rules.mk:9: recipe for target 'TempSensorMode.obj' failed
"..\main.h", line 47: fatal error #1965: cannot open source file "driverlib.h"
1 catastrophic error detected in the compilation of "../TempSensorMode.c".
Compilation terminated.
gmake: *** [TempSensorMode.obj] Error 1
Building file: "../hal_LCD.c"
Invoking: MSP430 Compiler
"C:/ti/ccs1250/ccs/tools/compiler/ti-cgt-msp430_21.6.1.LTS/bin/cl430" -vmspx --use_hw_mpy=none --include_path="C:/ti/ccs1250/ccs/ccs_base/msp430/include" --include_path="D:/Master1/Memory/Assignment_1/ÁØÑ‰?ãÁ?ãÂ?èÁ¢º/MSP-EXP430FR4133_Software_Examples_windows/Firmware/Source/OutOfBox_MSP430FR4133/OutOfBox_MSP430FR4133" --include_path="D:/Master1/Memory/Assignment_1/ÁØÑ‰?ãÁ?ãÂ?èÁ¢º/MSP-EXP430FR4133_Software_Examples_windows/Firmware/Source/OutOfBox_MSP430FR4133/OutOfBox_MSP430FR4133/driverlib/MSP430FR2xx_4xx" --include_path="C:/ti/ccs1250/ccs/tools/compiler/ti-cgt-msp430_21.6.1.LTS/include" --advice:power="all" --advice:hw_config=all --define=__MSP430FR4133__ -g --printf_support=minimal --diag_warning=225 --diag_wrap=off --display_error_number --silicon_errata=CPU21 --silicon_errata=CPU22 --silicon_errata=CPU40 --preproc_with_compile --preproc_dependency="hal_LCD.d_raw"  "../hal_LCD.c"
 
>> Compilation failure
subdir_rules.mk:9: recipe for target 'hal_LCD.obj' failed
"..\main.h", line 47: fatal error #1965: cannot open source file "driverlib.h"
1 catastrophic error detected in the compilation of "../hal_LCD.c".
Compilation terminated.
gmake: *** [hal_LCD.obj] Error 1
Building file: "../main.c"
Invoking: MSP430 Compiler
"C:/ti/ccs1250/ccs/tools/compiler/ti-cgt-msp430_21.6.1.LTS/bin/cl430" -vmspx --use_hw_mpy=none --include_path="C:/ti/ccs1250/ccs/ccs_base/msp430/include" --include_path="D:/Master1/Memory/Assignment_1/ÁØÑ‰?ãÁ?ãÂ?èÁ¢º/MSP-EXP430FR4133_Software_Examples_windows/Firmware/Source/OutOfBox_MSP430FR4133/OutOfBox_MSP430FR4133" --include_path="D:/Master1/Memory/Assignment_1/ÁØÑ‰?ãÁ?ãÂ?èÁ¢º/MSP-EXP430FR4133_Software_Examples_windows/Firmware/Source/OutOfBox_MSP430FR4133/OutOfBox_MSP430FR4133/driverlib/MSP430FR2xx_4xx" --include_path="C:/ti/ccs1250/ccs/tools/compiler/ti-cgt-msp430_21.6.1.LTS/include" --advice:power="all" --advice:hw_config=all --define=__MSP430FR4133__ -g --printf_support=minimal --diag_warning=225 --diag_wrap=off --display_error_number --silicon_errata=CPU21 --silicon_errata=CPU22 --silicon_errata=CPU40 --preproc_with_compile --preproc_dependency="main.d_raw"  "../main.c"
 
>> Compilation failure
subdir_rules.mk:9: recipe for target 'main.obj' failed
"..\main.h", line 47: fatal error #1965: cannot open source file "driverlib.h"
1 catastrophic error detected in the compilation of "../main.c".
Compilation terminated.
gmake: *** [main.obj] Error 1
gmake: Target 'all' not remade because of errors.

**** Build Finished ****

**** Build of configuration Debug for project OutOfBox_MSP430FR4133 ****

"C:\\ti\\ccs1250\\ccs\\utils\\bin\\gmake" -k -j 8 all -O 
 
Building file: "../StopWatchMode.c"
Invoking: MSP430 Compiler
"C:/ti/ccs1250/ccs/tools/compiler/ti-cgt-msp430_21.6.1.LTS/bin/cl430" -vmspx --use_hw_mpy=none --include_path="C:/ti/ccs1250/ccs/ccs_base/msp430/include" --include_path="D:/Master1/Memory/Assignment_1/ÁØÑ‰?ãÁ?ãÂ?èÁ¢º/MSP-EXP430FR4133_Software_Examples_windows/Firmware/Source/OutOfBox_MSP430FR4133/OutOfBox_MSP430FR4133" --include_path="D:/Master1/Memory/Assignment_1/ÁØÑ‰?ãÁ?ãÂ?èÁ¢º/MSP-EXP430FR4133_Software_Examples_windows/Firmware/Source/OutOfBox_MSP430FR4133/OutOfBox_MSP430FR4133/driverlib/MSP430FR2xx_4xx" --include_path="C:/ti/ccs1250/ccs/tools/compiler/ti-cgt-msp430_21.6.1.LTS/include" --advice:power="all" --advice:hw_config=all --define=__MSP430FR4133__ -g --printf_support=minimal --diag_warning=225 --diag_wrap=off --display_error_number --silicon_errata=CPU21 --silicon_errata=CPU22 --silicon_errata=CPU40 --preproc_with_compile --preproc_dependency="StopWatchMode.d_raw"  "../StopWatchMode.c"
 
>> Compilation failure
subdir_rules.mk:9: recipe for target 'StopWatchMode.obj' failed
"..\main.h", line 47: fatal error #1965: cannot open source file "driverlib.h"
1 catastrophic error detected in the compilation of "../StopWatchMode.c".
Compilation terminated.
gmake: *** [StopWatchMode.obj] Error 1
Building file: "../TempSensorMode.c"
Invoking: MSP430 Compiler
"C:/ti/ccs1250/ccs/tools/compiler/ti-cgt-msp430_21.6.1.LTS/bin/cl430" -vmspx --use_hw_mpy=none --include_path="C:/ti/ccs1250/ccs/ccs_base/msp430/include" --include_path="D:/Master1/Memory/Assignment_1/ÁØÑ‰?ãÁ?ãÂ?èÁ¢º/MSP-EXP430FR4133_Software_Examples_windows/Firmware/Source/OutOfBox_MSP430FR4133/OutOfBox_MSP430FR4133" --include_path="D:/Master1/Memory/Assignment_1/ÁØÑ‰?ãÁ?ãÂ?èÁ¢º/MSP-EXP430FR4133_Software_Examples_windows/Firmware/Source/OutOfBox_MSP430FR4133/OutOfBox_MSP430FR4133/driverlib/MSP430FR2xx_4xx" --include_path="C:/ti/ccs1250/ccs/tools/compiler/ti-cgt-msp430_21.6.1.LTS/include" --advice:power="all" --advice:hw_config=all --define=__MSP430FR4133__ -g --printf_support=minimal --diag_warning=225 --diag_wrap=off --display_error_number --silicon_errata=CPU21 --silicon_errata=CPU22 --silicon_errata=CPU40 --preproc_with_compile --preproc_dependency="TempSensorMode.d_raw"  "../TempSensorMode.c"
 
>> Compilation failure
subdir_rules.mk:9: recipe for target 'TempSensorMode.obj' failed
"..\main.h", line 47: fatal error #1965: cannot open source file "driverlib.h"
1 catastrophic error detected in the compilation of "../TempSensorMode.c".
Compilation terminated.
gmake: *** [TempSensorMode.obj] Error 1
Building file: "../main.c"
Invoking: MSP430 Compiler
"C:/ti/ccs1250/ccs/tools/compiler/ti-cgt-msp430_21.6.1.LTS/bin/cl430" -vmspx --use_hw_mpy=none --include_path="C:/ti/ccs1250/ccs/ccs_base/msp430/include" --include_path="D:/Master1/Memory/Assignment_1/ÁØÑ‰?ãÁ?ãÂ?èÁ¢º/MSP-EXP430FR4133_Software_Examples_windows/Firmware/Source/OutOfBox_MSP430FR4133/OutOfBox_MSP430FR4133" --include_path="D:/Master1/Memory/Assignment_1/ÁØÑ‰?ãÁ?ãÂ?èÁ¢º/MSP-EXP430FR4133_Software_Examples_windows/Firmware/Source/OutOfBox_MSP430FR4133/OutOfBox_MSP430FR4133/driverlib/MSP430FR2xx_4xx" --include_path="C:/ti/ccs1250/ccs/tools/compiler/ti-cgt-msp430_21.6.1.LTS/include" --advice:power="all" --advice:hw_config=all --define=__MSP430FR4133__ -g --printf_support=minimal --diag_warning=225 --diag_wrap=off --display_error_number --silicon_errata=CPU21 --silicon_errata=CPU22 --silicon_errata=CPU40 --preproc_with_compile --preproc_dependency="main.d_raw"  "../main.c"
 
>> Compilation failure
subdir_rules.mk:9: recipe for target 'main.obj' failed
"..\main.h", line 47: fatal error #1965: cannot open source file "driverlib.h"
1 catastrophic error detected in the compilation of "../main.c".
Compilation terminated.
gmake: *** [main.obj] Error 1
Building file: "../hal_LCD.c"
Invoking: MSP430 Compiler
"C:/ti/ccs1250/ccs/tools/compiler/ti-cgt-msp430_21.6.1.LTS/bin/cl430" -vmspx --use_hw_mpy=none --include_path="C:/ti/ccs1250/ccs/ccs_base/msp430/include" --include_path="D:/Master1/Memory/Assignment_1/ÁØÑ‰?ãÁ?ãÂ?èÁ¢º/MSP-EXP430FR4133_Software_Examples_windows/Firmware/Source/OutOfBox_MSP430FR4133/OutOfBox_MSP430FR4133" --include_path="D:/Master1/Memory/Assignment_1/ÁØÑ‰?ãÁ?ãÂ?èÁ¢º/MSP-EXP430FR4133_Software_Examples_windows/Firmware/Source/OutOfBox_MSP430FR4133/OutOfBox_MSP430FR4133/driverlib/MSP430FR2xx_4xx" --include_path="C:/ti/ccs1250/ccs/tools/compiler/ti-cgt-msp430_21.6.1.LTS/include" --advice:power="all" --advice:hw_config=all --define=__MSP430FR4133__ -g --printf_support=minimal --diag_warning=225 --diag_wrap=off --display_error_number --silicon_errata=CPU21 --silicon_errata=CPU22 --silicon_errata=CPU40 --preproc_with_compile --preproc_dependency="hal_LCD.d_raw"  "../hal_LCD.c"
 
>> Compilation failure
subdir_rules.mk:9: recipe for target 'hal_LCD.obj' failed
"..\main.h", line 47: fatal error #1965: cannot open source file "driverlib.h"
1 catastrophic error detected in the compilation of "../hal_LCD.c".
Compilation terminated.
gmake: *** [hal_LCD.obj] Error 1
gmake: Target 'all' not remade because of errors.

**** Build Finished ****
